# JRE version: OpenJDK Runtime Environment (8.0_171-b11) (build 1.8.0_171-8u171-b11-0ubuntu0.16.04.1-b11)
# Java VM: OpenJDK 64-Bit Server VM (25.171-b11 mixed mode linux-amd64 compressed oops)
Heap:
 PSYoungGen      total 301056K, used 22324K [0x0000000670780000, 0x0000000695380000, 0x00000007c0000000)
  eden space 258048K, 8% used [0x0000000670780000,0x0000000671d4d340,0x0000000680380000)
  from space 43008K, 0% used [0x0000000680380000,0x0000000680380000,0x0000000682d80000)
  to   space 43008K, 0% used [0x0000000692980000,0x0000000692980000,0x0000000695380000)
 ParOldGen       total 444416K, used 11489K [0x00000003d1600000, 0x00000003ec800000, 0x0000000670780000)
  object space 444416K, 2% used [0x00000003d1600000,0x00000003d2138580,0x00000003ec800000)
 Metaspace       used 21899K, capacity 22516K, committed 22784K, reserved 1069056K
  class space    used 2857K, capacity 3010K, committed 3072K, reserved 1048576K
GC Heap History (4 events):
Event: 2.627 GC heap before
{Heap before GC invocations=1 (full 0):
 PSYoungGen      total 301056K, used 240231K [0x0000000670780000, 0x0000000685780000, 0x00000007c0000000)
  eden space 258048K, 93% used [0x0000000670780000,0x000000067f219d10,0x0000000680380000)
  from space 43008K, 0% used [0x0000000682d80000,0x0000000682d80000,0x0000000685780000)
  to   space 43008K, 0% used [0x0000000680380000,0x0000000680380000,0x0000000682d80000)
 ParOldGen       total 688128K, used 0K [0x00000003d1600000, 0x00000003fb600000, 0x0000000670780000)
  object space 688128K, 0% used [0x00000003d1600000,0x00000003d1600000,0x00000003fb600000)
 Metaspace       used 20557K, capacity 21150K, committed 21248K, reserved 1067008K
  class space    used 2659K, capacity 2809K, committed 2816K, reserved 1048576K
Event: 2.662 GC heap after
Heap after GC invocations=1 (full 0):
 PSYoungGen      total 301056K, used 12235K [0x0000000670780000, 0x0000000695380000, 0x00000007c0000000)
  eden space 258048K, 0% used [0x0000000670780000,0x0000000670780000,0x0000000680380000)
  from space 43008K, 28% used [0x0000000680380000,0x0000000680f72f10,0x0000000682d80000)
  to   space 43008K, 0% used [0x0000000692980000,0x0000000692980000,0x0000000695380000)
 ParOldGen       total 688128K, used 32K [0x00000003d1600000, 0x00000003fb600000, 0x0000000670780000)
  object space 688128K, 0% used [0x00000003d1600000,0x00000003d1608000,0x00000003fb600000)
 Metaspace       used 20557K, capacity 21150K, committed 21248K, reserved 1067008K
  class space    used 2659K, capacity 2809K, committed 2816K, reserved 1048576K
}
Event: 2.662 GC heap before
{Heap before GC invocations=2 (full 1):
 PSYoungGen      total 301056K, used 12235K [0x0000000670780000, 0x0000000695380000, 0x00000007c0000000)
  eden space 258048K, 0% used [0x0000000670780000,0x0000000670780000,0x0000000680380000)
  from space 43008K, 28% used [0x0000000680380000,0x0000000680f72f10,0x0000000682d80000)
  to   space 43008K, 0% used [0x0000000692980000,0x0000000692980000,0x0000000695380000)
 ParOldGen       total 688128K, used 32K [0x00000003d1600000, 0x00000003fb600000, 0x0000000670780000)
  object space 688128K, 0% used [0x00000003d1600000,0x00000003d1608000,0x00000003fb600000)
 Metaspace       used 20557K, capacity 21150K, committed 21248K, reserved 1067008K
  class space    used 2659K, capacity 2809K, committed 2816K, reserved 1048576K
Event: 2.734 GC heap after
Heap after GC invocations=2 (full 1):
 PSYoungGen      total 301056K, used 0K [0x0000000670780000, 0x0000000695380000, 0x00000007c0000000)
  eden space 258048K, 0% used [0x0000000670780000,0x0000000670780000,0x0000000680380000)
  from space 43008K, 0% used [0x0000000680380000,0x0000000680380000,0x0000000682d80000)
  to   space 43008K, 0% used [0x0000000692980000,0x0000000692980000,0x0000000695380000)
 ParOldGen       total 444416K, used 11489K [0x00000003d1600000, 0x00000003ec800000, 0x0000000670780000)
  object space 444416K, 2% used [0x00000003d1600000,0x00000003d2138580,0x00000003ec800000)
 Metaspace       used 20557K, capacity 21150K, committed 21248K, reserved 1067008K
  class space    used 2659K, capacity 2809K, committed 2816K, reserved 1048576K
}

