# JRE version: OpenJDK Runtime Environment (8.0_151-b12) (build 1.8.0_151-8u151-b12-0ubuntu0.16.04.2-b12)
# Java VM: OpenJDK 64-Bit Server VM (25.151-b12 mixed mode linux-amd64 compressed oops)
Heap:
 PSYoungGen      total 301056K, used 31423K [0x0000000670700000, 0x0000000695300000, 0x00000007c0000000)
  eden space 258048K, 12% used [0x0000000670700000,0x00000006725afd40,0x0000000680300000)
  from space 43008K, 0% used [0x0000000680300000,0x0000000680300000,0x0000000682d00000)
  to   space 43008K, 0% used [0x0000000692900000,0x0000000692900000,0x0000000695300000)
 ParOldGen       total 459264K, used 13568K [0x00000003d1400000, 0x00000003ed480000, 0x0000000670700000)
  object space 459264K, 2% used [0x00000003d1400000,0x00000003d21403b8,0x00000003ed480000)
 Metaspace       used 22928K, capacity 23606K, committed 23984K, reserved 1071104K
  class space    used 3025K, capacity 3178K, committed 3248K, reserved 1048576K
GC Heap History (4 events):
Event: 2.359 GC heap before
{Heap before GC invocations=1 (full 0):
 PSYoungGen      total 301056K, used 228231K [0x0000000670700000, 0x0000000685700000, 0x00000007c0000000)
  eden space 258048K, 88% used [0x0000000670700000,0x000000067e5e1dc0,0x0000000680300000)
  from space 43008K, 0% used [0x0000000682d00000,0x0000000682d00000,0x0000000685700000)
  to   space 43008K, 0% used [0x0000000680300000,0x0000000680300000,0x0000000682d00000)
 ParOldGen       total 688128K, used 0K [0x00000003d1400000, 0x00000003fb400000, 0x0000000670700000)
  object space 688128K, 0% used [0x00000003d1400000,0x00000003d1400000,0x00000003fb400000)
 Metaspace       used 20508K, capacity 21108K, committed 21296K, reserved 1067008K
  class space    used 2678K, capacity 2829K, committed 2864K, reserved 1048576K
Event: 2.394 GC heap after
Heap after GC invocations=1 (full 0):
 PSYoungGen      total 301056K, used 14353K [0x0000000670700000, 0x0000000695300000, 0x00000007c0000000)
  eden space 258048K, 0% used [0x0000000670700000,0x0000000670700000,0x0000000680300000)
  from space 43008K, 33% used [0x0000000680300000,0x0000000681104540,0x0000000682d00000)
  to   space 43008K, 0% used [0x0000000692900000,0x0000000692900000,0x0000000695300000)
 ParOldGen       total 688128K, used 96K [0x00000003d1400000, 0x00000003fb400000, 0x0000000670700000)
  object space 688128K, 0% used [0x00000003d1400000,0x00000003d1418010,0x00000003fb400000)
 Metaspace       used 20508K, capacity 21108K, committed 21296K, reserved 1067008K
  class space    used 2678K, capacity 2829K, committed 2864K, reserved 1048576K
}
Event: 2.394 GC heap before
{Heap before GC invocations=2 (full 1):
 PSYoungGen      total 301056K, used 14353K [0x0000000670700000, 0x0000000695300000, 0x00000007c0000000)
  eden space 258048K, 0% used [0x0000000670700000,0x0000000670700000,0x0000000680300000)
  from space 43008K, 33% used [0x0000000680300000,0x0000000681104540,0x0000000682d00000)
  to   space 43008K, 0% used [0x0000000692900000,0x0000000692900000,0x0000000695300000)
 ParOldGen       total 688128K, used 96K [0x00000003d1400000, 0x00000003fb400000, 0x0000000670700000)
  object space 688128K, 0% used [0x00000003d1400000,0x00000003d1418010,0x00000003fb400000)
 Metaspace       used 20508K, capacity 21108K, committed 21296K, reserved 1067008K
  class space    used 2678K, capacity 2829K, committed 2864K, reserved 1048576K
Event: 2.485 GC heap after
Heap after GC invocations=2 (full 1):
 PSYoungGen      total 301056K, used 0K [0x0000000670700000, 0x0000000695300000, 0x00000007c0000000)
  eden space 258048K, 0% used [0x0000000670700000,0x0000000670700000,0x0000000680300000)
  from space 43008K, 0% used [0x0000000680300000,0x0000000680300000,0x0000000682d00000)
  to   space 43008K, 0% used [0x0000000692900000,0x0000000692900000,0x0000000695300000)
 ParOldGen       total 459264K, used 13568K [0x00000003d1400000, 0x00000003ed480000, 0x0000000670700000)
  object space 459264K, 2% used [0x00000003d1400000,0x00000003d21403b8,0x00000003ed480000)
 Metaspace       used 20508K, capacity 21108K, committed 21296K, reserved 1067008K
  class space    used 2678K, capacity 2829K, committed 2864K, reserved 1048576K
}

