# JRE version: OpenJDK Runtime Environment (8.0_151-b12) (build 1.8.0_151-8u151-b12-0ubuntu0.16.04.2-b12)
# Java VM: OpenJDK 64-Bit Server VM (25.151-b12 mixed mode linux-amd64 compressed oops)
Heap:
 PSYoungGen      total 301056K, used 31248K [0x0000000670700000, 0x0000000685700000, 0x00000007c0000000)
  eden space 258048K, 12% used [0x0000000670700000,0x0000000672584050,0x0000000680300000)
  from space 43008K, 0% used [0x0000000680300000,0x0000000680300000,0x0000000682d00000)
  to   space 43008K, 0% used [0x0000000682d00000,0x0000000682d00000,0x0000000685700000)
 ParOldGen       total 471040K, used 13048K [0x00000003d1400000, 0x00000003ee000000, 0x0000000670700000)
  object space 471040K, 2% used [0x00000003d1400000,0x00000003d20be1d0,0x00000003ee000000)
 Metaspace       used 22988K, capacity 23698K, committed 23936K, reserved 1071104K
  class space    used 3025K, capacity 3178K, committed 3200K, reserved 1048576K
GC Heap History (4 events):
Event: 2.829 GC heap before
{Heap before GC invocations=1 (full 0):
 PSYoungGen      total 301056K, used 233392K [0x0000000670700000, 0x0000000685700000, 0x00000007c0000000)
  eden space 258048K, 90% used [0x0000000670700000,0x000000067eaec178,0x0000000680300000)
  from space 43008K, 0% used [0x0000000682d00000,0x0000000682d00000,0x0000000685700000)
  to   space 43008K, 0% used [0x0000000680300000,0x0000000680300000,0x0000000682d00000)
 ParOldGen       total 688128K, used 0K [0x00000003d1400000, 0x00000003fb400000, 0x0000000670700000)
  object space 688128K, 0% used [0x00000003d1400000,0x00000003d1400000,0x00000003fb400000)
 Metaspace       used 20453K, capacity 21108K, committed 21248K, reserved 1067008K
  class space    used 2639K, capacity 2797K, committed 2816K, reserved 1048576K
Event: 2.854 GC heap after
Heap after GC invocations=1 (full 0):
 PSYoungGen      total 301056K, used 13844K [0x0000000670700000, 0x0000000685700000, 0x00000007c0000000)
  eden space 258048K, 0% used [0x0000000670700000,0x0000000670700000,0x0000000680300000)
  from space 43008K, 32% used [0x0000000680300000,0x00000006810850d0,0x0000000682d00000)
  to   space 43008K, 0% used [0x0000000682d00000,0x0000000682d00000,0x0000000685700000)
 ParOldGen       total 688128K, used 96K [0x00000003d1400000, 0x00000003fb400000, 0x0000000670700000)
  object space 688128K, 0% used [0x00000003d1400000,0x00000003d1418010,0x00000003fb400000)
 Metaspace       used 20453K, capacity 21108K, committed 21248K, reserved 1067008K
  class space    used 2639K, capacity 2797K, committed 2816K, reserved 1048576K
}
Event: 2.854 GC heap before
{Heap before GC invocations=2 (full 1):
 PSYoungGen      total 301056K, used 13844K [0x0000000670700000, 0x0000000685700000, 0x00000007c0000000)
  eden space 258048K, 0% used [0x0000000670700000,0x0000000670700000,0x0000000680300000)
  from space 43008K, 32% used [0x0000000680300000,0x00000006810850d0,0x0000000682d00000)
  to   space 43008K, 0% used [0x0000000682d00000,0x0000000682d00000,0x0000000685700000)
 ParOldGen       total 688128K, used 96K [0x00000003d1400000, 0x00000003fb400000, 0x0000000670700000)
  object space 688128K, 0% used [0x00000003d1400000,0x00000003d1418010,0x00000003fb400000)
 Metaspace       used 20453K, capacity 21108K, committed 21248K, reserved 1067008K
  class space    used 2639K, capacity 2797K, committed 2816K, reserved 1048576K
Event: 2.939 GC heap after
Heap after GC invocations=2 (full 1):
 PSYoungGen      total 301056K, used 0K [0x0000000670700000, 0x0000000685700000, 0x00000007c0000000)
  eden space 258048K, 0% used [0x0000000670700000,0x0000000670700000,0x0000000680300000)
  from space 43008K, 0% used [0x0000000680300000,0x0000000680300000,0x0000000682d00000)
  to   space 43008K, 0% used [0x0000000682d00000,0x0000000682d00000,0x0000000685700000)
 ParOldGen       total 471040K, used 13048K [0x00000003d1400000, 0x00000003ee000000, 0x0000000670700000)
  object space 471040K, 2% used [0x00000003d1400000,0x00000003d20be1d0,0x00000003ee000000)
 Metaspace       used 20453K, capacity 21108K, committed 21248K, reserved 1067008K
  class space    used 2639K, capacity 2797K, committed 2816K, reserved 1048576K
}

