# JRE version: OpenJDK Runtime Environment (8.0_151-b12) (build 1.8.0_151-8u151-b12-0ubuntu0.16.04.2-b12)
# Java VM: OpenJDK 64-Bit Server VM (25.151-b12 mixed mode linux-amd64 compressed oops)
Heap:
 PSYoungGen      total 301056K, used 33824K [0x0000000670700000, 0x0000000695300000, 0x00000007c0000000)
  eden space 258048K, 13% used [0x0000000670700000,0x00000006728081e8,0x0000000680300000)
  from space 43008K, 0% used [0x0000000680300000,0x0000000680300000,0x0000000682d00000)
  to   space 43008K, 0% used [0x0000000692900000,0x0000000692900000,0x0000000695300000)
 ParOldGen       total 436224K, used 13034K [0x00000003d1400000, 0x00000003ebe00000, 0x0000000670700000)
  object space 436224K, 2% used [0x00000003d1400000,0x00000003d20baa78,0x00000003ebe00000)
 Metaspace       used 23016K, capacity 23698K, committed 23936K, reserved 1071104K
  class space    used 3027K, capacity 3178K, committed 3200K, reserved 1048576K
GC Heap History (4 events):
Event: 2.649 GC heap before
{Heap before GC invocations=1 (full 0):
 PSYoungGen      total 301056K, used 233392K [0x0000000670700000, 0x0000000685700000, 0x00000007c0000000)
  eden space 258048K, 90% used [0x0000000670700000,0x000000067eaec158,0x0000000680300000)
  from space 43008K, 0% used [0x0000000682d00000,0x0000000682d00000,0x0000000685700000)
  to   space 43008K, 0% used [0x0000000680300000,0x0000000680300000,0x0000000682d00000)
 ParOldGen       total 688128K, used 0K [0x00000003d1400000, 0x00000003fb400000, 0x0000000670700000)
  object space 688128K, 0% used [0x00000003d1400000,0x00000003d1400000,0x00000003fb400000)
 Metaspace       used 20451K, capacity 21108K, committed 21248K, reserved 1067008K
  class space    used 2638K, capacity 2797K, committed 2816K, reserved 1048576K
Event: 2.689 GC heap after
Heap after GC invocations=1 (full 0):
 PSYoungGen      total 301056K, used 13903K [0x0000000670700000, 0x0000000695300000, 0x00000007c0000000)
  eden space 258048K, 0% used [0x0000000670700000,0x0000000670700000,0x0000000680300000)
  from space 43008K, 32% used [0x0000000680300000,0x0000000681093f10,0x0000000682d00000)
  to   space 43008K, 0% used [0x0000000692900000,0x0000000692900000,0x0000000695300000)
 ParOldGen       total 688128K, used 96K [0x00000003d1400000, 0x00000003fb400000, 0x0000000670700000)
  object space 688128K, 0% used [0x00000003d1400000,0x00000003d1418010,0x00000003fb400000)
 Metaspace       used 20451K, capacity 21108K, committed 21248K, reserved 1067008K
  class space    used 2638K, capacity 2797K, committed 2816K, reserved 1048576K
}
Event: 2.689 GC heap before
{Heap before GC invocations=2 (full 1):
 PSYoungGen      total 301056K, used 13903K [0x0000000670700000, 0x0000000695300000, 0x00000007c0000000)
  eden space 258048K, 0% used [0x0000000670700000,0x0000000670700000,0x0000000680300000)
  from space 43008K, 32% used [0x0000000680300000,0x0000000681093f10,0x0000000682d00000)
  to   space 43008K, 0% used [0x0000000692900000,0x0000000692900000,0x0000000695300000)
 ParOldGen       total 688128K, used 96K [0x00000003d1400000, 0x00000003fb400000, 0x0000000670700000)
  object space 688128K, 0% used [0x00000003d1400000,0x00000003d1418010,0x00000003fb400000)
 Metaspace       used 20451K, capacity 21108K, committed 21248K, reserved 1067008K
  class space    used 2638K, capacity 2797K, committed 2816K, reserved 1048576K
Event: 2.756 GC heap after
Heap after GC invocations=2 (full 1):
 PSYoungGen      total 301056K, used 0K [0x0000000670700000, 0x0000000695300000, 0x00000007c0000000)
  eden space 258048K, 0% used [0x0000000670700000,0x0000000670700000,0x0000000680300000)
  from space 43008K, 0% used [0x0000000680300000,0x0000000680300000,0x0000000682d00000)
  to   space 43008K, 0% used [0x0000000692900000,0x0000000692900000,0x0000000695300000)
 ParOldGen       total 436224K, used 13034K [0x00000003d1400000, 0x00000003ebe00000, 0x0000000670700000)
  object space 436224K, 2% used [0x00000003d1400000,0x00000003d20baa78,0x00000003ebe00000)
 Metaspace       used 20451K, capacity 21108K, committed 21248K, reserved 1067008K
  class space    used 2638K, capacity 2797K, committed 2816K, reserved 1048576K
}

