# JRE version: OpenJDK Runtime Environment (8.0_151-b12) (build 1.8.0_151-8u151-b12-0ubuntu0.16.04.2-b12)
# Java VM: OpenJDK 64-Bit Server VM (25.151-b12 mixed mode linux-amd64 compressed oops)
Heap:
 PSYoungGen      total 301056K, used 36773K [0x0000000670700000, 0x0000000695300000, 0x00000007c0000000)
  eden space 258048K, 14% used [0x0000000670700000,0x0000000672ae97d8,0x0000000680300000)
  from space 43008K, 0% used [0x0000000680300000,0x0000000680300000,0x0000000682d00000)
  to   space 43008K, 0% used [0x0000000692900000,0x0000000692900000,0x0000000695300000)
 ParOldGen       total 464896K, used 13564K [0x00000003d1400000, 0x00000003eda00000, 0x0000000670700000)
  object space 464896K, 2% used [0x00000003d1400000,0x00000003d213f2d0,0x00000003eda00000)
 Metaspace       used 22930K, capacity 23606K, committed 23984K, reserved 1071104K
  class space    used 3025K, capacity 3178K, committed 3248K, reserved 1048576K
GC Heap History (4 events):
Event: 2.349 GC heap before
{Heap before GC invocations=1 (full 0):
 PSYoungGen      total 301056K, used 223071K [0x0000000670700000, 0x0000000685700000, 0x00000007c0000000)
  eden space 258048K, 86% used [0x0000000670700000,0x000000067e0d7d70,0x0000000680300000)
  from space 43008K, 0% used [0x0000000682d00000,0x0000000682d00000,0x0000000685700000)
  to   space 43008K, 0% used [0x0000000680300000,0x0000000680300000,0x0000000682d00000)
 ParOldGen       total 688128K, used 0K [0x00000003d1400000, 0x00000003fb400000, 0x0000000670700000)
  object space 688128K, 0% used [0x00000003d1400000,0x00000003d1400000,0x00000003fb400000)
 Metaspace       used 20507K, capacity 21108K, committed 21296K, reserved 1067008K
  class space    used 2677K, capacity 2829K, committed 2864K, reserved 1048576K
Event: 2.381 GC heap after
Heap after GC invocations=1 (full 0):
 PSYoungGen      total 301056K, used 14355K [0x0000000670700000, 0x0000000695300000, 0x00000007c0000000)
  eden space 258048K, 0% used [0x0000000670700000,0x0000000670700000,0x0000000680300000)
  from space 43008K, 33% used [0x0000000680300000,0x0000000681104fd8,0x0000000682d00000)
  to   space 43008K, 0% used [0x0000000692900000,0x0000000692900000,0x0000000695300000)
 ParOldGen       total 688128K, used 96K [0x00000003d1400000, 0x00000003fb400000, 0x0000000670700000)
  object space 688128K, 0% used [0x00000003d1400000,0x00000003d1418010,0x00000003fb400000)
 Metaspace       used 20507K, capacity 21108K, committed 21296K, reserved 1067008K
  class space    used 2677K, capacity 2829K, committed 2864K, reserved 1048576K
}
Event: 2.381 GC heap before
{Heap before GC invocations=2 (full 1):
 PSYoungGen      total 301056K, used 14355K [0x0000000670700000, 0x0000000695300000, 0x00000007c0000000)
  eden space 258048K, 0% used [0x0000000670700000,0x0000000670700000,0x0000000680300000)
  from space 43008K, 33% used [0x0000000680300000,0x0000000681104fd8,0x0000000682d00000)
  to   space 43008K, 0% used [0x0000000692900000,0x0000000692900000,0x0000000695300000)
 ParOldGen       total 688128K, used 96K [0x00000003d1400000, 0x00000003fb400000, 0x0000000670700000)
  object space 688128K, 0% used [0x00000003d1400000,0x00000003d1418010,0x00000003fb400000)
 Metaspace       used 20507K, capacity 21108K, committed 21296K, reserved 1067008K
  class space    used 2677K, capacity 2829K, committed 2864K, reserved 1048576K
Event: 2.474 GC heap after
Heap after GC invocations=2 (full 1):
 PSYoungGen      total 301056K, used 0K [0x0000000670700000, 0x0000000695300000, 0x00000007c0000000)
  eden space 258048K, 0% used [0x0000000670700000,0x0000000670700000,0x0000000680300000)
  from space 43008K, 0% used [0x0000000680300000,0x0000000680300000,0x0000000682d00000)
  to   space 43008K, 0% used [0x0000000692900000,0x0000000692900000,0x0000000695300000)
 ParOldGen       total 464896K, used 13564K [0x00000003d1400000, 0x00000003eda00000, 0x0000000670700000)
  object space 464896K, 2% used [0x00000003d1400000,0x00000003d213f2d0,0x00000003eda00000)
 Metaspace       used 20507K, capacity 21108K, committed 21296K, reserved 1067008K
  class space    used 2677K, capacity 2829K, committed 2864K, reserved 1048576K
}

